c:\users\bette\csc473\a1\lib\util.pdb
c:\users\bette\csc473\a1\util\release\vectorobj.obj
c:\users\bette\csc473\a1\util\release\vector.obj
c:\users\bette\csc473\a1\util\release\timer.obj
c:\users\bette\csc473\a1\util\release\quaternion.obj
c:\users\bette\csc473\a1\util\release\picker.obj
c:\users\bette\csc473\a1\util\release\noise.obj
c:\users\bette\csc473\a1\util\release\mymath.obj
c:\users\bette\csc473\a1\util\release\image.obj
c:\users\bette\csc473\a1\util\release\glutilities.obj
c:\users\bette\csc473\a1\util\release\framesaver.obj
c:\users\bette\csc473\a1\util\release\coordsystem.obj
c:\users\bette\csc473\a1\util\release\ballmath.obj
c:\users\bette\csc473\a1\util\release\ballaux.obj
c:\users\bette\csc473\a1\util\release\ball.obj
c:\users\bette\csc473\a1\lib\util.lib
c:\users\bette\csc473\a1\util\release\util.tlog\cl.command.1.tlog
c:\users\bette\csc473\a1\util\release\util.tlog\cl.read.1.tlog
c:\users\bette\csc473\a1\util\release\util.tlog\cl.write.1.tlog
c:\users\bette\csc473\a1\util\release\util.tlog\lib-link.read.1.tlog
c:\users\bette\csc473\a1\util\release\util.tlog\lib-link.write.1.tlog
c:\users\bette\csc473\a1\util\release\util.tlog\lib.command.1.tlog
